#
# There is insufficient memory for the Java Runtime Environment to continue.
# Native memory allocation (malloc) failed to allocate 1573776 bytes for Chunk::new
# Possible reasons:
#   The system is out of physical RAM or swap space
#   The process is running with CompressedOops enabled, and the Java Heap may be blocking the growth of the native heap
# Possible solutions:
#   Reduce memory load on the system
#   Increase physical memory or swap space
#   Check if swap backing store is full
#   Decrease Java heap size (-Xmx/-Xms)
#   Decrease number of Java threads
#   Decrease Java thread stack sizes (-Xss)
#   Set larger code cache with -XX:ReservedCodeCacheSize=
#   JVM is running with Unscaled Compressed Oops mode in which the Java heap is
#     placed in the first 4GB address space. The Java Heap base address is the
#     maximum limit for the native heap growth. Please use -XX:HeapBaseMinAddress
#     to set the Java Heap base and to place the Java Heap above 4GB virtual address.
# This output file may be truncated or incomplete.
#
#  Out of Memory Error (allocation.cpp:389), pid=11968, tid=0x0000000000000604
#
# JRE version: OpenJDK Runtime Environment (8.0_242-b01) (build 1.8.0_242-release-1644-b01)
# Java VM: OpenJDK 64-Bit Server VM (25.242-b01 mixed mode windows-amd64 compressed oops)
# Failed to write core dump. Minidumps are not enabled by default on client versions of Windows
#

---------------  T H R E A D  ---------------

Current thread (0x0000000019432000):  JavaThread "org/apache/tools/ant/loader" daemon [_thread_in_native, id=1540, stack(0x0000000019f00000,0x000000001a000000)]

Stack: [0x0000000019f00000,0x000000001a000000]
[error occurred during error reporting (printing stack bounds), id 0xc0000005]

Native frames: (J=compiled Java code, j=interpreted, Vv=VM code, C=native code)


Current CompileTask:
C2:  12619 4984       4       sun.reflect.generics.parser.SignatureParser::parsePackageNameAndSimpleClassTypeSignature (139 bytes)


---------------  P R O C E S S  ---------------

Java Threads: ( => current thread )
  0x000000001fda2800 
[error occurred during error reporting (printing all threads), id 0xc0000005]

VM state:at safepoint (normal execution)

VM Mutex/Monitor currently owned by a thread:  ([mutex/lock_event])
[0x00000000023ac860] Threads_lock - owner thread: 0x0000000017618000
[0x00000000023acd60] Heap_lock - owner thread: 0x000000001bf15000

heap address: 0x0000000080000000, size: 2048 MB, Compressed Oops mode: 32-bit
Narrow klass base: 0x0000000000000000, Narrow klass shift: 3
Compressed class space size: 1073741824 Address: 0x0000000100000000

Heap:
 PSYoungGen      total 183296K, used 2983K [0x00000000d5580000, 0x00000000e3080000, 0x0000000100000000)
  eden space 164864K, 0% used [0x00000000d5580000,0x00000000d5580000,0x00000000df680000)
  from space 18432K, 16% used [0x00000000e0880000,0x00000000e0b69d28,0x00000000e1a80000)
  to   space 18432K, 0% used [0x00000000df680000,0x00000000df680000,0x00000000e0880000)
 ParOldGen       total 90112K, used 33769K [0x0000000080000000, 0x0000000085800000, 0x00000000d5580000)
  object space 90112K, 37% used [0x0000000080000000,0x00000000820fa580,0x0000000085800000)
 Metaspace       used 56999K, capacity 59034K, committed 59160K, reserved 1099776K
  class space    used 7821K, capacity 8292K, committed 8368K, reserved 1048576K

Card table byte_map: [0x0000000011970000,0x0000000011d80000] byte_map_base: 0x0000000011570000

Marking Bits: (ParMarkBitMap*) 0x000000005a82f030
 Begin Bits: [0x0000000012830000, 0x0000000014830000)
 End Bits:   [0x0000000014830000, 0x0000000016830000)

Polling page: 0x0000000000ad0000

CodeCache: size=245760Kb used=16514Kb max_used=16527Kb free=229245Kb
 bounds [0x00000000025b0000, 0x00000000035f0000, 0x00000000115b0000]
 total_blobs=5517 nmethods=4739 adapters=691
 compilation: enabled

Compilation events (10 events):
Event: 12.478 Thread 0x0000000019420000 nmethod 5098 0x00000000035df450 code [0x00000000035df5a0, 0x00000000035df878]
Event: 12.478 Thread 0x0000000019420000 5095       4       java.lang.StringBuilder::getChars (10 bytes)
Event: 12.480 Thread 0x0000000019420000 nmethod 5095 0x00000000035db990 code [0x00000000035dbae0, 0x00000000035dbc98]
Event: 12.480 Thread 0x0000000019420000 5096       4       java.lang.AbstractStringBuilder::getChars (64 bytes)
Event: 12.481 Thread 0x0000000019424000 5101       3       java.io.BufferedReader::ensureOpen (18 bytes)
Event: 12.481 Thread 0x0000000019424000 nmethod 5101 0x00000000035d8fd0 code [0x00000000035d9140, 0x00000000035d9388]
Event: 12.482 Thread 0x0000000019420000 nmethod 5096 0x00000000035cd810 code [0x00000000035cd960, 0x00000000035cdb18]
Event: 12.482 Thread 0x0000000019420000 5099       4       java.lang.StringBuffer::append (6 bytes)
Event: 12.495 Thread 0x0000000019420000 nmethod 5099 0x00000000035e0710 code [0x00000000035e0880, 0x00000000035e0fd8]
Event: 12.495 Thread 0x0000000019420000 5100       4       java.lang.AbstractStringBuilder::append (50 bytes)

GC Heap History (10 events):
Event: 7.216 GC heap after
Heap after GC invocations=10 (full 1):
 PSYoungGen      total 117248K, used 8666K [0x00000000d5580000, 0x00000000dfc00000, 0x0000000100000000)
  eden space 105472K, 0% used [0x00000000d5580000,0x00000000d5580000,0x00000000dbc80000)
  from space 11776K, 73% used [0x00000000dbc80000,0x00000000dc4f6a80,0x00000000dc800000)
  to   space 11776K, 0% used [0x00000000df080000,0x00000000df080000,0x00000000dfc00000)
 ParOldGen       total 59392K, used 8890K [0x0000000080000000, 0x0000000083a00000, 0x00000000d5580000)
  object space 59392K, 14% used [0x0000000080000000,0x00000000808ae8a0,0x0000000083a00000)
 Metaspace       used 34566K, capacity 35410K, committed 35496K, reserved 1079296K
  class space    used 4742K, capacity 4974K, committed 5040K, reserved 1048576K
}
Event: 7.216 GC heap before
{Heap before GC invocations=11 (full 2):
 PSYoungGen      total 117248K, used 8666K [0x00000000d5580000, 0x00000000dfc00000, 0x0000000100000000)
  eden space 105472K, 0% used [0x00000000d5580000,0x00000000d5580000,0x00000000dbc80000)
  from space 11776K, 73% used [0x00000000dbc80000,0x00000000dc4f6a80,0x00000000dc800000)
  to   space 11776K, 0% used [0x00000000df080000,0x00000000df080000,0x00000000dfc00000)
 ParOldGen       total 59392K, used 8890K [0x0000000080000000, 0x0000000083a00000, 0x00000000d5580000)
  object space 59392K, 14% used [0x0000000080000000,0x00000000808ae8a0,0x0000000083a00000)
 Metaspace       used 34566K, capacity 35410K, committed 35496K, reserved 1079296K
  class space    used 4742K, capacity 4974K, committed 5040K, reserved 1048576K
Event: 7.286 GC heap after
Heap after GC invocations=11 (full 2):
 PSYoungGen      total 117248K, used 0K [0x00000000d5580000, 0x00000000dfc00000, 0x0000000100000000)
  eden space 105472K, 0% used [0x00000000d5580000,0x00000000d5580000,0x00000000dbc80000)
  from space 11776K, 0% used [0x00000000dbc80000,0x00000000dbc80000,0x00000000dc800000)
  to   space 11776K, 0% used [0x00000000df080000,0x00000000df080000,0x00000000dfc00000)
 ParOldGen       total 90112K, used 15238K [0x0000000080000000, 0x0000000085800000, 0x00000000d5580000)
  object space 90112K, 16% used [0x0000000080000000,0x0000000080ee1b98,0x0000000085800000)
 Metaspace       used 34566K, capacity 35410K, committed 35496K, reserved 1079296K
  class space    used 4742K, capacity 4974K, committed 5040K, reserved 1048576K
}
Event: 9.391 GC heap before
{Heap before GC invocations=12 (full 2):
 PSYoungGen      total 117248K, used 105472K [0x00000000d5580000, 0x00000000dfc00000, 0x0000000100000000)
  eden space 105472K, 100% used [0x00000000d5580000,0x00000000dbc80000,0x00000000dbc80000)
  from space 11776K, 0% used [0x00000000dbc80000,0x00000000dbc80000,0x00000000dc800000)
  to   space 11776K, 0% used [0x00000000df080000,0x00000000df080000,0x00000000dfc00000)
 ParOldGen       total 90112K, used 15238K [0x0000000080000000, 0x0000000085800000, 0x00000000d5580000)
  object space 90112K, 16% used [0x0000000080000000,0x0000000080ee1b98,0x0000000085800000)
 Metaspace       used 44301K, capacity 45762K, committed 46128K, reserved 1089536K
  class space    used 5997K, capacity 6331K, committed 6448K, reserved 1048576K
Event: 9.405 GC heap after
Heap after GC invocations=12 (full 2):
 PSYoungGen      total 144384K, used 11746K [0x00000000d5580000, 0x00000000dfc00000, 0x0000000100000000)
  eden space 132608K, 0% used [0x00000000d5580000,0x00000000d5580000,0x00000000dd700000)
  from space 11776K, 99% used [0x00000000df080000,0x00000000dfbf88e0,0x00000000dfc00000)
  to   space 13312K, 0% used [0x00000000de200000,0x00000000de200000,0x00000000def00000)
 ParOldGen       total 90112K, used 16386K [0x0000000080000000, 0x0000000085800000, 0x00000000d5580000)
  object space 90112K, 18% used [0x0000000080000000,0x0000000081000be8,0x0000000085800000)
 Metaspace       used 44301K, capacity 45762K, committed 46128K, reserved 1089536K
  class space    used 5997K, capacity 6331K, committed 6448K, reserved 1048576K
}
Event: 12.036 GC heap before
{Heap before GC invocations=13 (full 2):
 PSYoungGen      total 144384K, used 144354K [0x00000000d5580000, 0x00000000dfc00000, 0x0000000100000000)
  eden space 132608K, 100% used [0x00000000d5580000,0x00000000dd700000,0x00000000dd700000)
  from space 11776K, 99% used [0x00000000df080000,0x00000000dfbf88e0,0x00000000dfc00000)
  to   space 13312K, 0% used [0x00000000de200000,0x00000000de200000,0x00000000def00000)
 ParOldGen       total 90112K, used 16386K [0x0000000080000000, 0x0000000085800000, 0x00000000d5580000)
  object space 90112K, 18% used [0x0000000080000000,0x0000000081000be8,0x0000000085800000)
 Metaspace       used 54698K, capacity 56648K, committed 56880K, reserved 1097728K
  class space    used 7465K, capacity 7915K, committed 7984K, reserved 1048576K
Event: 12.059 GC heap after
Heap after GC invocations=13 (full 2):
 PSYoungGen      total 157184K, used 13302K [0x00000000d5580000, 0x00000000e1a80000, 0x0000000100000000)
  eden space 143872K, 0% used [0x00000000d5580000,0x00000000d5580000,0x00000000de200000)
  from space 13312K, 99% used [0x00000000de200000,0x00000000deefd838,0x00000000def00000)
  to   space 18432K, 0% used [0x00000000e0880000,0x00000000e0880000,0x00000000e1a80000)
 ParOldGen       total 90112K, used 25055K [0x0000000080000000, 0x0000000085800000, 0x00000000d5580000)
  object space 90112K, 27% used [0x0000000080000000,0x0000000081877c40,0x0000000085800000)
 Metaspace       used 54698K, capacity 56648K, committed 56880K, reserved 1097728K
  class space    used 7465K, capacity 7915K, committed 7984K, reserved 1048576K
}
Event: 12.501 GC heap before
{Heap before GC invocations=14 (full 2):
 PSYoungGen      total 157184K, used 40294K [0x00000000d5580000, 0x00000000e1a80000, 0x0000000100000000)
  eden space 143872K, 18% used [0x00000000d5580000,0x00000000d6fdc170,0x00000000de200000)
  from space 13312K, 99% used [0x00000000de200000,0x00000000deefd838,0x00000000def00000)
  to   space 18432K, 0% used [0x00000000e0880000,0x00000000e0880000,0x00000000e1a80000)
 ParOldGen       total 90112K, used 25055K [0x0000000080000000, 0x0000000085800000, 0x00000000d5580000)
  object space 90112K, 27% used [0x0000000080000000,0x0000000081877c40,0x0000000085800000)
 Metaspace       used 56999K, capacity 59034K, committed 59160K, reserved 1099776K
  class space    used 7821K, capacity 8292K, committed 8368K, reserved 1048576K
Event: 12.519 GC heap after
Heap after GC invocations=14 (full 2):
 PSYoungGen      total 183296K, used 2983K [0x00000000d5580000, 0x00000000e3080000, 0x0000000100000000)
  eden space 164864K, 0% used [0x00000000d5580000,0x00000000d5580000,0x00000000df680000)
  from space 18432K, 16% used [0x00000000e0880000,0x00000000e0b69d28,0x00000000e1a80000)
  to   space 18432K, 0% used [0x00000000df680000,0x00000000df680000,0x00000000e0880000)
 ParOldGen       total 90112K, used 33769K [0x0000000080000000, 0x0000000085800000, 0x00000000d5580000)
  object space 90112K, 37% used [0x0000000080000000,0x00000000820fa580,0x0000000085800000)
 Metaspace       used 56999K, capacity 59034K, committed 59160K, reserved 1099776K
  class space    used 7821K, capacity 8292K, committed 8368K, reserved 1048576K
}
Event: 12.519 GC heap before
{Heap before GC invocations=15 (full 3):
 PSYoungGen      total 183296K, used 2983K [0x00000000d5580000, 0x00000000e3080000, 0x0000000100000000)
  eden space 164864K, 0% used [0x00000000d5580000,0x00000000d5580000,0x00000000df680000)
  from space 18432K, 16% used [0x00000000e0880000,0x00000000e0b69d28,0x00000000e1a80000)
  to   space 18432K, 0% used [0x00000000df680000,0x00000000df680000,0x00000000e0880000)
 ParOldGen       total 90112K, used 33769K [0x0000000080000000, 0x0000000085800000, 0x00000000d5580000)
  object space 90112K, 37% used [0x0000000080000000,0x00000000820fa580,0x0000000085800000)
 Metaspace       used 56999K, capacity 59034K, committed 59160K, reserved 1099776K
  class space    used 7821K, capacity 8292K, committed 8368K, reserved 1048576K

Deoptimization events (10 events):
Event: 11.861 Thread 0x000000001bf15000 Uncommon trap: reason=unstable_if action=reinterpret pc=0x0000000002fc4790 method=java.io.WinNTFileSystem.normalize(Ljava/lang/String;)Ljava/lang/String; @ 74
Event: 11.861 Thread 0x000000001bf15000 Uncommon trap: reason=unstable_if action=reinterpret pc=0x0000000002ac9688 method=java.io.WinNTFileSystem.normalize(Ljava/lang/String;II)Ljava/lang/String; @ 103
Event: 12.011 Thread 0x000000001bf15000 Uncommon trap: reason=bimorphic action=maybe_recompile pc=0x00000000034acbc4 method=java.util.regex.Pattern$5.isSatisfiedBy(I)Z @ 16
Event: 12.011 Thread 0x000000001bf15000 Uncommon trap: reason=bimorphic action=maybe_recompile pc=0x00000000034acbc4 method=java.util.regex.Pattern$5.isSatisfiedBy(I)Z @ 16
Event: 12.011 Thread 0x000000001bf15000 Uncommon trap: reason=bimorphic action=maybe_recompile pc=0x00000000034acbc4 method=java.util.regex.Pattern$5.isSatisfiedBy(I)Z @ 16
Event: 12.011 Thread 0x000000001bf15000 Uncommon trap: reason=bimorphic action=maybe_recompile pc=0x00000000034acbc4 method=java.util.regex.Pattern$5.isSatisfiedBy(I)Z @ 16
Event: 12.404 Thread 0x000000001bf15000 Uncommon trap: reason=unstable_if action=reinterpret pc=0x0000000002bf28a8 method=java.util.regex.Pattern$BmpCharProperty.match(Ljava/util/regex/Matcher;ILjava/lang/CharSequence;)Z @ 34
Event: 12.414 Thread 0x000000001bf15000 Uncommon trap: reason=unstable_if action=reinterpret pc=0x00000000032eb568 method=com.sun.org.apache.xerces.internal.impl.XMLEntityScanner.scanLiteral(ILcom/sun/org/apache/xerces/internal/xni/XMLString;Z)I @ 660
Event: 12.433 Thread 0x000000001bf15000 Uncommon trap: reason=unstable_if action=reinterpret pc=0x0000000003305b40 method=com.sun.org.apache.xerces.internal.util.SymbolTable.addSymbol([CII)Ljava/lang/String; @ 38
Event: 12.480 Thread 0x000000001bf15000 Uncommon trap: reason=unstable_if action=reinterpret pc=0x0000000003289298 method=com.google.gson.stream.JsonReader.doPeek()I @ 315

Classes redefined (0 events):
No events

Internal exceptions (10 events):
Event: 11.003 Thread 0x000000001bf15000 Exception <a 'java/lang/ClassNotFoundException': org/gradle/api/plugins/internal/DefaultBasePluginConventionCustomizer> (0x00000000da7cd290) thrown at [C:\src\AOSP-openjdk-git\hotspot\src\share\vm\classfile\systemDictionary.cpp, line 210]
Event: 11.012 Thread 0x000000001bf15000 Exception <a 'java/lang/NoSuchMethodError': java.lang.Object.lambda$comparingInt$7b0bb60$1(Ljava/util/function/ToIntFunction;Ljava/lang/Object;Ljava/lang/Object;)I> (0x00000000da83e1b8) thrown at [C:\src\AOSP-openjdk-git\hotspot\src\share\vm\interpreter\l
Event: 11.680 Thread 0x000000001bf15000 Exception <a 'java/lang/ClassNotFoundException': com/android/build/gradle/internal/api/ApkVariantOutputImpl_DecoratedBeanInfo> (0x00000000dbf61f48) thrown at [C:\src\AOSP-openjdk-git\hotspot\src\share\vm\classfile\systemDictionary.cpp, line 210]
Event: 11.680 Thread 0x000000001bf15000 Exception <a 'java/lang/ClassNotFoundException': com/android/build/gradle/internal/api/ApkVariantOutputImplBeanInfo> (0x00000000dbf7ef98) thrown at [C:\src\AOSP-openjdk-git\hotspot\src\share\vm\classfile\systemDictionary.cpp, line 210]
Event: 11.681 Thread 0x000000001bf15000 Exception <a 'java/lang/ClassNotFoundException': com/android/build/gradle/internal/api/BaseVariantOutputImplBeanInfo> (0x00000000dbf9d3c0) thrown at [C:\src\AOSP-openjdk-git\hotspot\src\share\vm\classfile\systemDictionary.cpp, line 210]
Event: 11.682 Thread 0x000000001bf15000 Exception <a 'java/lang/ClassNotFoundException': com/android/build/gradle/internal/api/BaseVariantOutputImplCustomizer> (0x00000000dbfbbd40) thrown at [C:\src\AOSP-openjdk-git\hotspot\src\share\vm\classfile\systemDictionary.cpp, line 210]
Event: 11.683 Thread 0x000000001bf15000 Exception <a 'java/lang/ClassNotFoundException': com/android/build/gradle/internal/api/ApkVariantOutputImplCustomizer> (0x00000000dbff4338) thrown at [C:\src\AOSP-openjdk-git\hotspot\src\share\vm\classfile\systemDictionary.cpp, line 210]
Event: 11.685 Thread 0x000000001bf15000 Exception <a 'java/lang/ClassNotFoundException': com/android/build/gradle/internal/api/ApkVariantOutputImpl_DecoratedCustomizer> (0x00000000dc027ea8) thrown at [C:\src\AOSP-openjdk-git\hotspot\src\share\vm\classfile\systemDictionary.cpp, line 210]
Event: 12.079 Thread 0x000000001bf15000 Exception <a 'java/lang/ClassNotFoundException': com/sun/org/glassfish/hk2/osgiresourcelocator/ServiceLoader> (0x00000000d56a3968) thrown at [C:\src\AOSP-openjdk-git\hotspot\src\share\vm\classfile\systemDictionary.cpp, line 210]
Event: 12.159 Thread 0x000000001bf15000 Exception <a 'java/lang/NullPointerException'> (0x00000000d5b491c8) thrown at [C:\src\AOSP-openjdk-git\hotspot\src\share\vm\interpreter\linkResolver.cpp, line 1287]

Events (10 events):
Event: 12.499 loading class com/google/common/collect/ImmutableSet$Builder done
Event: 12.499 loading class com/google/common/collect/ImmutableSet$Builder
Event: 12.499 loading class com/google/common/collect/ImmutableSet$Builder done
Event: 12.500 loading class com/google/common/collect/ImmutableSet
Event: 12.500 loading class com/google/common/collect/ImmutableSet done
Event: 12.500 loading class com/google/common/collect/ImmutableSet$Builder
Event: 12.500 loading class com/google/common/collect/ImmutableSet$Builder done
Event: 12.500 loading class com/google/common/collect/ImmutableRangeSet
Event: 12.500 loading class com/google/common/collect/ImmutableRangeSet done
Event: 12.501 Executing VM operation: CollectForMetadataAllocation


Dynamic libraries:
0x00007ff611560000 - 0x00007ff611591000 	C:\Program Files\Android\Android Studio\jre\bin\java.exe
0x00007ffe09b30000 - 0x00007ffe09d26000 	C:\WINDOWS\SYSTEM32\ntdll.dll
0x00007ffe09910000 - 0x00007ffe099cd000 	C:\WINDOWS\System32\KERNEL32.DLL
0x00007ffe078d0000 - 0x00007ffe07b98000 	C:\WINDOWS\System32\KERNELBASE.dll
0x00007ffe088b0000 - 0x00007ffe0895a000 	C:\WINDOWS\System32\ADVAPI32.dll
0x00007ffe08c90000 - 0x00007ffe08d2e000 	C:\WINDOWS\System32\msvcrt.dll
0x00007ffe09a50000 - 0x00007ffe09aeb000 	C:\WINDOWS\System32\sechost.dll
0x00007ffe08b60000 - 0x00007ffe08c84000 	C:\WINDOWS\System32\RPCRT4.dll
0x00007ffe09650000 - 0x00007ffe097f0000 	C:\WINDOWS\System32\USER32.dll
0x00007ffe07820000 - 0x00007ffe07842000 	C:\WINDOWS\System32\win32u.dll
0x00007ffe089f0000 - 0x00007ffe08a1a000 	C:\WINDOWS\System32\GDI32.dll
0x00007ffe07280000 - 0x00007ffe07389000 	C:\WINDOWS\System32\gdi32full.dll
0x00007ffe07390000 - 0x00007ffe0742d000 	C:\WINDOWS\System32\msvcp_win.dll
0x00007ffe07510000 - 0x00007ffe07610000 	C:\WINDOWS\System32\ucrtbase.dll
0x00007ffde6930000 - 0x00007ffde6bcb000 	C:\WINDOWS\WinSxS\amd64_microsoft.windows.common-controls_6595b64144ccf1df_6.0.19041.488_none_ca04af081b815d21\COMCTL32.dll
0x00007ffe07ba0000 - 0x00007ffe07bd0000 	C:\WINDOWS\System32\IMM32.DLL
0x0000000059ea0000 - 0x0000000059f72000 	C:\Program Files\Android\Android Studio\jre\jre\bin\msvcr100.dll
0x000000005a060000 - 0x000000005a8ab000 	C:\Program Files\Android\Android Studio\jre\jre\bin\server\jvm.dll
0x00007ffe091c0000 - 0x00007ffe091c8000 	C:\WINDOWS\System32\PSAPI.DLL
0x00007ffdd8cb0000 - 0x00007ffdd8cd7000 	C:\WINDOWS\SYSTEM32\WINMM.dll
0x00007ffdfb420000 - 0x00007ffdfb42a000 	C:\WINDOWS\SYSTEM32\VERSION.dll
0x00007ffdfa610000 - 0x00007ffdfa619000 	C:\WINDOWS\SYSTEM32\WSOCK32.dll
0x00007ffe08af0000 - 0x00007ffe08b5b000 	C:\WINDOWS\System32\WS2_32.dll
0x00007ffdf8770000 - 0x00007ffdf877f000 	C:\Program Files\Android\Android Studio\jre\jre\bin\verify.dll
0x00007ffdf17e0000 - 0x00007ffdf1809000 	C:\Program Files\Android\Android Studio\jre\jre\bin\java.dll
0x00007ffdf17b0000 - 0x00007ffdf17c6000 	C:\Program Files\Android\Android Studio\jre\jre\bin\zip.dll
0x00007ffe08170000 - 0x00007ffe088b0000 	C:\WINDOWS\System32\SHELL32.dll
0x00007ffe052d0000 - 0x00007ffe05a64000 	C:\WINDOWS\SYSTEM32\windows.storage.dll
0x00007ffe08e60000 - 0x00007ffe091b5000 	C:\WINDOWS\System32\combase.dll
0x00007ffe06c40000 - 0x00007ffe06c6c000 	C:\WINDOWS\SYSTEM32\Wldp.dll
0x00007ffe095a0000 - 0x00007ffe0964e000 	C:\WINDOWS\System32\SHCORE.dll
0x00007ffe097f0000 - 0x00007ffe09845000 	C:\WINDOWS\System32\shlwapi.dll
0x00007ffe071b0000 - 0x00007ffe071d6000 	C:\WINDOWS\SYSTEM32\profapi.dll
0x00007ffdf14b0000 - 0x00007ffdf14ca000 	C:\Program Files\Android\Android Studio\jre\jre\bin\net.dll
0x00007ffe069a0000 - 0x00007ffe06a0a000 	C:\WINDOWS\system32\mswsock.dll
0x00007ffdf13d0000 - 0x00007ffdf13e3000 	C:\Program Files\Android\Android Studio\jre\jre\bin\nio.dll
0x00007ffde44c0000 - 0x00007ffde44e6000 	C:\Users\jessi\.gradle\native\31\windows-amd64\native-platform.dll
0x00007ffdf7a80000 - 0x00007ffdf7a8d000 	C:\Program Files\Android\Android Studio\jre\jre\bin\management.dll
0x00007ffe06b70000 - 0x00007ffe06b88000 	C:\WINDOWS\SYSTEM32\CRYPTSP.dll
0x00007ffe06330000 - 0x00007ffe06364000 	C:\WINDOWS\system32\rsaenh.dll
0x00007ffe078a0000 - 0x00007ffe078c7000 	C:\WINDOWS\System32\bcrypt.dll
0x00007ffe07130000 - 0x00007ffe0715e000 	C:\WINDOWS\SYSTEM32\USERENV.dll
0x00007ffe07490000 - 0x00007ffe0750f000 	C:\WINDOWS\System32\bcryptprimitives.dll
0x00007ffe06b90000 - 0x00007ffe06b9c000 	C:\WINDOWS\SYSTEM32\CRYPTBASE.dll
0x00007ffe06690000 - 0x00007ffe066cb000 	C:\WINDOWS\SYSTEM32\IPHLPAPI.DLL
0x00007ffe08160000 - 0x00007ffe08169000 	C:\WINDOWS\System32\NSI.dll
0x00007ffdfbe90000 - 0x00007ffdfbea7000 	C:\WINDOWS\SYSTEM32\dhcpcsvc6.DLL
0x00007ffdfc7c0000 - 0x00007ffdfc7dd000 	C:\WINDOWS\SYSTEM32\dhcpcsvc.DLL
0x00007ffe06720000 - 0x00007ffe067eb000 	C:\WINDOWS\SYSTEM32\DNSAPI.dll

VM Arguments:
jvm_args: -Xmx2048m -Dfile.encoding=windows-1252 -Duser.country=BR -Duser.language=pt -Duser.variant 
java_command: org.gradle.launcher.daemon.bootstrap.GradleDaemon 6.1.1
java_class_path (initial): C:\Users\jessi\.gradle\wrapper\dists\gradle-6.1.1-all\cfmwm155h49vnt3hynmlrsdst\gradle-6.1.1\lib\gradle-launcher-6.1.1.jar
Launcher Type: SUN_STANDARD

Environment Variables:
PATH=C:\WINDOWS\system32;C:\WINDOWS;C:\WINDOWS\System32\Wbem;C:\WINDOWS\System32\WindowsPowerShell\v1.0\;C:\WINDOWS\System32\OpenSSH\;C:\Program Files\Git\cmd;C:\Program Files (x86)\Intel\Intel(R) Management Engine Components\DAL;C:\Program Files\Intel\Intel(R) Management Engine Components\DAL;C:\Users\jessi\AppData\Local\Microsoft\WindowsApps
USERNAME=jessi
OS=Windows_NT
PROCESSOR_IDENTIFIER=Intel64 Family 6 Model 142 Stepping 12, GenuineIntel



---------------  S Y S T E M  ---------------

OS: Windows 10.0 , 64 bit Build 19041 (10.0.19041.546)

CPU:total 8 (initial active 8) (4 cores per cpu, 2 threads per core) family 6 model 142 stepping 12, cmov, cx8, fxsr, mmx, sse, sse2, sse3, ssse3, sse4.1, sse4.2, popcnt, avx, avx2, aes, clmul, erms, 3dnowpref, lzcnt, ht, tsc, tscinvbit, bmi1, bmi2, adx

Memory: 4k page, physical 8262116k(1311300k free), swap 8262116k(1188k free)

vm_info: OpenJDK 64-Bit Server VM (25.242-b01) for windows-amd64 JRE (1.8.0_242-release-1644-b01), built by "builder" with MS VC++ 10.0 (VS2010)

time: Mon Nov 02 14:24:25 2020
timezone: Hora oficial do Brasil
elapsed time: 12 seconds (0d 0h 0m 12s)

