#
# There is insufficient memory for the Java Runtime Environment to continue.
# Native memory allocation (malloc) failed to allocate 34736 bytes for Chunk::new
# Possible reasons:
#   The system is out of physical RAM or swap space
#   The process is running with CompressedOops enabled, and the Java Heap may be blocking the growth of the native heap
# Possible solutions:
#   Reduce memory load on the system
#   Increase physical memory or swap space
#   Check if swap backing store is full
#   Decrease Java heap size (-Xmx/-Xms)
#   Decrease number of Java threads
#   Decrease Java thread stack sizes (-Xss)
#   Set larger code cache with -XX:ReservedCodeCacheSize=
#   JVM is running with Unscaled Compressed Oops mode in which the Java heap is
#     placed in the first 4GB address space. The Java Heap base address is the
#     maximum limit for the native heap growth. Please use -XX:HeapBaseMinAddress
#     to set the Java Heap base and to place the Java Heap above 4GB virtual address.
# This output file may be truncated or incomplete.
#
#  Out of Memory Error (allocation.cpp:389), pid=10456, tid=0x0000000000002100
#
# JRE version: OpenJDK Runtime Environment (8.0_242-b01) (build 1.8.0_242-release-1644-b01)
# Java VM: OpenJDK 64-Bit Server VM (25.242-b01 mixed mode windows-amd64 compressed oops)
# Failed to write core dump. Minidumps are not enabled by default on client versions of Windows
#

---------------  T H R E A D  ---------------

Current thread (0x0000000019407800):  JavaThread "C2 CompilerThread2" daemon [_thread_in_native, id=8448, stack(0x0000000019ee0000,0x0000000019fe0000)]

Stack: [0x0000000019ee0000,0x0000000019fe0000]
[error occurred during error reporting (printing stack bounds), id 0xc0000005]

Native frames: (J=compiled Java code, j=interpreted, Vv=VM code, C=native code)


Current CompileTask:
C2: 674048 13916       4       org.objectweb.asm.ClassReader::readCode (5089 bytes)


---------------  P R O C E S S  ---------------

Java Threads: ( => current thread )
  0x00000000233ae800 JavaThread "Cache worker for Java compile cache (C:\Users\jessi\Google Drive\Projetos Android\FrasesdoDia\.gradle\6.1.1\javaCompile)" [_thread_in_Java, id=10228, stack(0x0000000029260000,0x0000000029360000)]
  0x00000000233a4800 JavaThread "Cache worker for Java compile cache (C:\Users\jessi\.gradle\caches\6.1.1\javaCompile)" [_thread_in_native, id=7296, stack(0x0000000029160000,0x0000000029260000)]
  0x00000000233ad800 JavaThread "WorkerExecutor Queue Thread 10" [_thread_blocked, id=1316, stack(0x0000000029060000,0x0000000029160000)]
  0x00000000233aa800 JavaThread "WorkerExecutor Queue Thread 9" [_thread_blocked, id=3696, stack(0x0000000028f60000,0x0000000029060000)]
  0x00000000233a8800 JavaThread "stdout" [_thread_in_native, id=1488, stack(0x000000002a9a0000,0x000000002aaa0000)]
  0x00000000233a2800 JavaThread "stderr" [_thread_in_native, id=6624, stack(0x000000002a8a0000,0x000000002a9a0000)]
  0x00000000233a3000 JavaThread "stdout" [_thread_in_native, id=8732, stack(0x000000002a7a0000,0x000000002a8a0000)]
  0x00000000233a7800 JavaThread "stderr" [_thread_in_native, id=1792, stack(0x000000002a6a0000,0x000000002a7a0000)]
  0x00000000233a9000 JavaThread "stdout" [_thread_in_native, id=7032, stack(0x000000002a5a0000,0x000000002a6a0000)]
  0x00000000233a0000 JavaThread "stderr" [_thread_in_native, id=6420, stack(0x000000002a4a0000,0x000000002a5a0000)]
  0x00000000233a1800 JavaThread "stdout" [_thread_in_native, id=10360, stack(0x000000002a3a0000,0x000000002a4a0000)]
  0x00000000233a7000 JavaThread "stderr" [_thread_in_native, id=2716, stack(0x000000002a2a0000,0x000000002a3a0000)]
  0x00000000233a6000 JavaThread "stdout" [_thread_in_native, id=12816, stack(0x000000002a1a0000,0x000000002a2a0000)]
  0x00000000233a0800 JavaThread "stderr" [_thread_in_native, id=10556, stack(0x000000002a0a0000,0x000000002a1a0000)]
  0x00000000195fc000 JavaThread "stdout" [_thread_in_native, id=8516, stack(0x0000000029fa0000,0x000000002a0a0000)]
  0x000000001e7d6000 JavaThread "stderr" [_thread_in_native, id=7960, stack(0x0000000029bf0000,0x0000000029cf0000)]
  0x000000001b203800 JavaThread "stdout" [_thread_in_native, id=13016, stack(0x0000000029960000,0x0000000029a60000)]
  0x000000001b201800 JavaThread "stderr" [_thread_in_native, id=524, stack(0x0000000029860000,0x0000000029960000)]
  0x000000001b206800 JavaThread "WorkerExecutor Queue Thread 8" [_thread_blocked, id=2672, stack(0x0000000029760000,0x0000000029860000)]
  0x000000001b205000 JavaThread "MarlinRenderer Disposer" daemon [_thread_blocked, id=3400, stack(0x0000000029af0000,0x0000000029bf0000)]
  0x000000001b203000 JavaThread "Java2D Disposer" daemon [_thread_blocked, id=1020, stack(0x0000000029660000,0x0000000029760000)]
  0x000000001e7d1800 JavaThread "stdout" [_thread_in_native, id=12392, stack(0x0000000028960000,0x0000000028a60000)]
  0x000000001e7ca000 JavaThread "stderr" [_thread_in_native, id=6676, stack(0x0000000028860000,0x0000000028960000)]
  0x000000001e7d0800 JavaThread "pool-4-thread-1" [_thread_blocked, id=3752, stack(0x0000000028760000,0x0000000028860000)]
  0x000000001e7ca800 JavaThread "Cache worker for execution history cache (C:\Users\jessi\Google Drive\Projetos Android\FrasesdoDia\.gradle\6.1.1\executionHistory)" [_thread_blocked, id=6012, stack(0x0000000027d30000,0x0000000027e30000)]
  0x000000001e7cd000 JavaThread "Execution worker for ':' Thread 7" [_thread_blocked, id=2588, stack(0x0000000028660000,0x0000000028760000)]
  0x000000001e7cd800 JavaThread "Execution worker for ':' Thread 6" [_thread_blocked, id=7040, stack(0x0000000028560000,0x0000000028660000)]
  0x000000001e7c7000 JavaThread "Execution worker for ':' Thread 5" [_thread_blocked, id=9224, stack(0x0000000028460000,0x0000000028560000)]
  0x000000001e7c8800 JavaThread "Execution worker for ':' Thread 4" [_thread_blocked, id=7652, stack(0x0000000028360000,0x0000000028460000)]
  0x000000001e7c7800 JavaThread "Execution worker for ':' Thread 3" [_thread_blocked, id=5472, stack(0x0000000028260000,0x0000000028360000)]
  0x000000001e7c9000 JavaThread "Execution worker for ':' Thread 2" [_thread_blocked, id=7904, stack(0x0000000028160000,0x0000000028260000)]
  0x000000001c115000 JavaThread "Execution worker for ':'" [_thread_blocked, id=6708, stack(0x0000000028060000,0x0000000028160000)]
  0x000000001c113800 JavaThread "Cache worker for file content cache (C:\Users\jessi\Google Drive\Projetos Android\FrasesdoDia\.gradle\6.1.1\fileContent)" [_thread_blocked, id=5956, stack(0x0000000027260000,0x0000000027360000)]
  0x000000001c112800 JavaThread "Cache worker for file content cache (C:\Users\jessi\.gradle\caches\6.1.1\fileContent)" [_thread_blocked, id=5404, stack(0x0000000026ca0000,0x0000000026da0000)]
  0x000000001b406800 JavaThread "Memory manager" [_thread_blocked, id=9900, stack(0x0000000025da0000,0x0000000025ea0000)]
  0x000000001b405000 JavaThread "Cache worker for Build Output Cleanup Cache (C:\Users\jessi\Google Drive\Projetos Android\FrasesdoDia\.gradle\buildOutputCleanup)" [_thread_blocked, id=12612, stack(0x00000000257f0000,0x00000000258f0000)]
  0x000000001b3fd800 JavaThread "Build operations Thread 8" [_thread_blocked, id=7772, stack(0x00000000256f0000,0x00000000257f0000)]
  0x000000001b404000 JavaThread "Build operations Thread 7" [_thread_blocked, id=7768, stack(0x00000000255f0000,0x00000000256f0000)]
  0x000000001b403800 JavaThread "Build operations Thread 6" [_thread_blocked, id=1332, stack(0x00000000254f0000,0x00000000255f0000)]
  0x000000001b402800 JavaThread "Build operations Thread 5" [_thread_blocked, id=4056, stack(0x00000000253f0000,0x00000000254f0000)]
  0x000000001b401000 JavaThread "Build operations Thread 4" [_thread_blocked, id=11384, stack(0x00000000252f0000,0x00000000253f0000)]
  0x000000001b3fc800 JavaThread "Build operations Thread 3" [_thread_blocked, id=12140, stack(0x00000000251f0000,0x00000000252f0000)]
  0x000000001b400800 JavaThread "Build operations Thread 2" [_thread_blocked, id=13256, stack(0x00000000250f0000,0x00000000251f0000)]
  0x0000000019606800 JavaThread "Build operations" [_thread_blocked, id=11248, stack(0x0000000021bc0000,0x0000000021cc0000)]
  0x0000000019607800 JavaThread "Cache worker for cache directory md-rule (C:\Users\jessi\.gradle\caches\6.1.1\md-rule)" [_thread_blocked, id=4284, stack(0x0000000020840000,0x0000000020940000)]
  0x0000000019606000 JavaThread "Cache worker for cache directory md-supplier (C:\Users\jessi\.gradle\caches\6.1.1\md-supplier)" [_thread_blocked, id=12176, stack(0x0000000020740000,0x0000000020840000)]
  0x0000000019605000 JavaThread "Cache worker for file hash cache (C:\Users\jessi\Google Drive\Projetos Android\FrasesdoDia\.gradle\6.1.1\fileHashes)" [_thread_blocked, id=8508, stack(0x000000001f1f0000,0x000000001f2f0000)]
  0x000000001960a800 JavaThread "Cache worker for checksums cache (C:\Users\jessi\Google Drive\Projetos Android\FrasesdoDia\.gradle\checksums)" [_thread_blocked, id=12024, stack(0x000000001dc20000,0x000000001dd20000)]
  0x0000000019609800 JavaThread "Thread-32" [_thread_blocked, id=7596, stack(0x000000001d920000,0x000000001da20000)]
  0x0000000019609000 JavaThread "Stdin handler" [_thread_blocked, id=4596, stack(0x000000001d820000,0x000000001d920000)]
  0x0000000019608000 JavaThread "Asynchronous log dispatcher for DefaultDaemonConnection: socket connection from /127.0.0.1:61736 to /127.0.0.1:61884" [_thread_blocked, id=4712, stack(0x000000001d520000,0x000000001d620000)]
  0x00000000195fd800 JavaThread "Daemon worker Thread 2" [_thread_blocked, id=3236, stack(0x000000001d420000,0x000000001d520000)]
  0x0000000019601800 JavaThread "Cancel handler" [_thread_blocked, id=4336, stack(0x0000000000990000,0x0000000000a90000)]
  0x0000000019604800 JavaThread "Handler for socket connection from /127.0.0.1:61736 to /127.0.0.1:61884" [_thread_in_native, id=9480, stack(0x0000000000890000,0x0000000000990000)]
  0x0000000019603800 JavaThread "Daemon Thread 2" [_thread_blocked, id=11768, stack(0x0000000000790000,0x0000000000890000)]
  0x000000001c115800 JavaThread "Cache worker for execution history cache (C:\Users\jessi\.gradle\caches\6.1.1\executionHistory)" [_thread_blocked, id=12132, stack(0x0000000021cc0000,0x0000000021dc0000)]
  0x000000001c112000 JavaThread "Cache worker for file hash cache (C:\Users\jessi\.gradle\caches\6.1.1\fileHashes)" [_thread_blocked, id=7684, stack(0x000000001e120000,0x000000001e220000)]
  0x000000001c111000 JavaThread "File lock request listener" [_thread_in_native, id=11068, stack(0x000000001e020000,0x000000001e120000)]
  0x000000001a688000 JavaThread "Cache worker for journal cache (C:\Users\jessi\.gradle\caches\journal-1)" [_thread_blocked, id=1012, stack(0x000000001df20000,0x000000001e020000)]
  0x000000001bd5b800 JavaThread "Daemon periodic checks" [_thread_blocked, id=11252, stack(0x000000001d320000,0x000000001d420000)]
  0x000000001bd59000 JavaThread "Incoming local TCP Connector on port 61736" [_thread_in_native, id=3744, stack(0x000000001d0c0000,0x000000001d1c0000)]
  0x000000001a441000 JavaThread "Daemon health stats" [_thread_blocked, id=4220, stack(0x000000001ca80000,0x000000001cb80000)]
  0x0000000019494000 JavaThread "Service Thread" daemon [_thread_blocked, id=6844, stack(0x000000001a0e0000,0x000000001a1e0000)]
  0x000000001940d800 JavaThread "C1 CompilerThread3" daemon [_thread_blocked, id=11432, stack(0x0000000019fe0000,0x000000001a0e0000)]
=>0x0000000019407800 JavaThread "C2 CompilerThread2" daemon [_thread_in_native, id=8448, stack(0x0000000019ee0000,0x0000000019fe0000)]
  0x00000000175eb000 JavaThread "C2 CompilerThread1" daemon [_thread_in_native, id=13012, stack(0x0000000019de0000,0x0000000019ee0000)]
  0x00000000175e8000 JavaThread "C2 CompilerThread0" daemon [_thread_in_native, id=2576, stack(0x0000000019ce0000,0x0000000019de0000)]
  0x0000000019403800 JavaThread "Attach Listener" daemon [_thread_blocked, id=11496, stack(0x0000000019be0000,0x0000000019ce0000)]
  0x0000000019406800 JavaThread "Signal Dispatcher" daemon [_thread_blocked, id=6308, stack(0x0000000019ae0000,0x0000000019be0000)]
  0x000000000256e000 JavaThread "Finalizer" daemon [_thread_blocked, id=2148, stack(0x00000000198d0000,0x00000000199d0000)]
  0x00000000175dc000 JavaThread "Reference Handler" daemon [_thread_blocked, id=8360, stack(0x00000000197d0000,0x00000000198d0000)]
  0x000000000236e000 JavaThread "main" [_thread_blocked, id=7908, stack(0x0000000002370000,0x0000000002470000)]

Other Threads:
  0x00000000175d8000 VMThread [stack: 0x00000000192d0000,0x00000000193d0000] [id=12232]
  0x0000000019495000 WatcherThread [stack: 0x000000001a1e0000,0x000000001a2e0000] [id=10632]

VM state:not at safepoint (normal execution)

VM Mutex/Monitor currently owned by a thread: None

OutOfMemory and StackOverflow Exception counts:
OutOfMemoryError java_heap_errors=1

heap address: 0x0000000080000000, size: 2048 MB, Compressed Oops mode: 32-bit
Narrow klass base: 0x0000000000000000, Narrow klass shift: 3
Compressed class space size: 1073741824 Address: 0x0000000100000000

Heap:
 PSYoungGen      total 210432K, used 48055K [0x00000000d5580000, 0x00000000e5680000, 0x0000000100000000)
  eden space 177152K, 27% used [0x00000000d5580000,0x00000000d846dce0,0x00000000e0280000)
  from space 33280K, 0% used [0x00000000e3600000,0x00000000e3600000,0x00000000e5680000)
  to   space 32768K, 0% used [0x00000000e1600000,0x00000000e1600000,0x00000000e3600000)
 ParOldGen       total 161280K, used 53982K [0x0000000080000000, 0x0000000089d80000, 0x00000000d5580000)
  object space 161280K, 33% used [0x0000000080000000,0x00000000834b7b30,0x0000000089d80000)
 Metaspace       used 93933K, capacity 97930K, committed 98864K, reserved 1138688K
  class space    used 12240K, capacity 13081K, committed 13360K, reserved 1048576K

Card table byte_map: [0x0000000011930000,0x0000000011d40000] byte_map_base: 0x0000000011530000

Marking Bits: (ParMarkBitMap*) 0x000000005a82f030
 Begin Bits: [0x00000000127f0000, 0x00000000147f0000)
 End Bits:   [0x00000000147f0000, 0x00000000167f0000)

Polling page: 0x0000000002250000

CodeCache: size=245760Kb used=39036Kb max_used=39036Kb free=206723Kb
 bounds [0x0000000002570000, 0x0000000004bc0000, 0x0000000011570000]
 total_blobs=12869 nmethods=11879 adapters=901
 compilation: enabled

Compilation events (10 events):
Event: 674.020 Thread 0x000000001940d800 nmethod 14017 0x0000000004bb6450 code [0x0000000004bb65a0, 0x0000000004bb66b0]
Event: 674.020 Thread 0x000000001940d800 14018   !   3       org.gradle.internal.IoActions::closeQuietly (15 bytes)
Event: 674.020 Thread 0x000000001940d800 nmethod 14018 0x0000000004bb6710 code [0x0000000004bb6880, 0x0000000004bb6ae8]
Event: 674.022 Thread 0x000000001940d800 14019       3       org.gradle.api.internal.file.AbstractFileTreeElement::getName (8 bytes)
Event: 674.022 Thread 0x000000001940d800 nmethod 14019 0x0000000004bb6bd0 code [0x0000000004bb6d40, 0x0000000004bb7048]
Event: 674.022 Thread 0x000000001940d800 14020       3       org.gradle.api.internal.file.archive.ZipFileTree$DetailsImpl::getRelativePath (35 bytes)
Event: 674.023 Thread 0x000000001940d800 nmethod 14020 0x0000000004bb7190 code [0x0000000004bb7360, 0x0000000004bb7d48]
Event: 674.023 Thread 0x000000001940d800 14021       3       org.gradle.api.internal.file.archive.ZipFileTree$DetailsImpl::<init> (34 bytes)
Event: 674.023 Thread 0x000000001940d800 nmethod 14021 0x0000000004bb8150 code [0x0000000004bb82c0, 0x0000000004bb8550]
Event: 674.023 Thread 0x000000001940d800 14024       3       org.gradle.internal.serialize.IntSetSerializer::write (44 bytes)

GC Heap History (10 events):
Event: 641.033 GC heap before
{Heap before GC invocations=16 (full 3):
 PSYoungGen      total 209920K, used 209888K [0x00000000d5580000, 0x00000000e4000000, 0x0000000100000000)
  eden space 187904K, 100% used [0x00000000d5580000,0x00000000e0d00000,0x00000000e0d00000)
  from space 22016K, 99% used [0x00000000e2600000,0x00000000e3b78178,0x00000000e3b80000)
  to   space 25600K, 0% used [0x00000000e0d00000,0x00000000e0d00000,0x00000000e2600000)
 ParOldGen       total 161280K, used 33117K [0x0000000080000000, 0x0000000089d80000, 0x00000000d5580000)
  object space 161280K, 20% used [0x0000000080000000,0x00000000820574f8,0x0000000089d80000)
 Metaspace       used 80928K, capacity 85182K, committed 85424K, reserved 1122304K
  class space    used 10755K, capacity 11577K, committed 11696K, reserved 1048576K
Event: 641.067 GC heap after
Heap after GC invocations=16 (full 3):
 PSYoungGen      total 213504K, used 25593K [0x00000000d5580000, 0x00000000e6300000, 0x0000000100000000)
  eden space 187904K, 0% used [0x00000000d5580000,0x00000000d5580000,0x00000000e0d00000)
  from space 25600K, 99% used [0x00000000e0d00000,0x00000000e25fe640,0x00000000e2600000)
  to   space 32768K, 0% used [0x00000000e4300000,0x00000000e4300000,0x00000000e6300000)
 ParOldGen       total 161280K, used 42638K [0x0000000080000000, 0x0000000089d80000, 0x00000000d5580000)
  object space 161280K, 26% used [0x0000000080000000,0x00000000829a3a78,0x0000000089d80000)
 Metaspace       used 80928K, capacity 85182K, committed 85424K, reserved 1122304K
  class space    used 10755K, capacity 11577K, committed 11696K, reserved 1048576K
}
Event: 664.476 GC heap before
{Heap before GC invocations=17 (full 3):
 PSYoungGen      total 213504K, used 213497K [0x00000000d5580000, 0x00000000e6300000, 0x0000000100000000)
  eden space 187904K, 100% used [0x00000000d5580000,0x00000000e0d00000,0x00000000e0d00000)
  from space 25600K, 99% used [0x00000000e0d00000,0x00000000e25fe640,0x00000000e2600000)
  to   space 32768K, 0% used [0x00000000e4300000,0x00000000e4300000,0x00000000e6300000)
 ParOldGen       total 161280K, used 42638K [0x0000000080000000, 0x0000000089d80000, 0x00000000d5580000)
  object space 161280K, 26% used [0x0000000080000000,0x00000000829a3a78,0x0000000089d80000)
 Metaspace       used 88365K, capacity 92876K, committed 92976K, reserved 1130496K
  class space    used 11626K, capacity 12508K, committed 12592K, reserved 1048576K
Event: 664.518 GC heap after
Heap after GC invocations=17 (full 3):
 PSYoungGen      total 215040K, used 32738K [0x00000000d5580000, 0x00000000e6300000, 0x0000000100000000)
  eden space 182272K, 0% used [0x00000000d5580000,0x00000000d5580000,0x00000000e0780000)
  from space 32768K, 99% used [0x00000000e4300000,0x00000000e62f88d0,0x00000000e6300000)
  to   space 39424K, 0% used [0x00000000e1600000,0x00000000e1600000,0x00000000e3c80000)
 ParOldGen       total 161280K, used 47095K [0x0000000080000000, 0x0000000089d80000, 0x00000000d5580000)
  object space 161280K, 29% used [0x0000000080000000,0x0000000082dfdf80,0x0000000089d80000)
 Metaspace       used 88365K, capacity 92876K, committed 92976K, reserved 1130496K
  class space    used 11626K, capacity 12508K, committed 12592K, reserved 1048576K
}
Event: 667.382 GC heap before
{Heap before GC invocations=18 (full 3):
 PSYoungGen      total 215040K, used 215010K [0x00000000d5580000, 0x00000000e6300000, 0x0000000100000000)
  eden space 182272K, 100% used [0x00000000d5580000,0x00000000e0780000,0x00000000e0780000)
  from space 32768K, 99% used [0x00000000e4300000,0x00000000e62f88d0,0x00000000e6300000)
  to   space 39424K, 0% used [0x00000000e1600000,0x00000000e1600000,0x00000000e3c80000)
 ParOldGen       total 161280K, used 47095K [0x0000000080000000, 0x0000000089d80000, 0x00000000d5580000)
  object space 161280K, 29% used [0x0000000080000000,0x0000000082dfdf80,0x0000000089d80000)
 Metaspace       used 89015K, capacity 93580K, committed 93744K, reserved 1130496K
  class space    used 11675K, capacity 12572K, committed 12592K, reserved 1048576K
Event: 667.412 GC heap after
Heap after GC invocations=18 (full 3):
 PSYoungGen      total 209920K, used 32528K [0x00000000d5580000, 0x00000000e5680000, 0x0000000100000000)
  eden space 177152K, 0% used [0x00000000d5580000,0x00000000d5580000,0x00000000e0280000)
  from space 32768K, 99% used [0x00000000e1600000,0x00000000e35c4340,0x00000000e3600000)
  to   space 33280K, 0% used [0x00000000e3600000,0x00000000e3600000,0x00000000e5680000)
 ParOldGen       total 161280K, used 47103K [0x0000000080000000, 0x0000000089d80000, 0x00000000d5580000)
  object space 161280K, 29% used [0x0000000080000000,0x0000000082dfff80,0x0000000089d80000)
 Metaspace       used 89015K, capacity 93580K, committed 93744K, reserved 1130496K
  class space    used 11675K, capacity 12572K, committed 12592K, reserved 1048576K
}
Event: 671.203 GC heap before
{Heap before GC invocations=19 (full 3):
 PSYoungGen      total 209920K, used 78311K [0x00000000d5580000, 0x00000000e5680000, 0x0000000100000000)
  eden space 177152K, 25% used [0x00000000d5580000,0x00000000d8235c70,0x00000000e0280000)
  from space 32768K, 99% used [0x00000000e1600000,0x00000000e35c4340,0x00000000e3600000)
  to   space 33280K, 0% used [0x00000000e3600000,0x00000000e3600000,0x00000000e5680000)
 ParOldGen       total 161280K, used 47103K [0x0000000080000000, 0x0000000089d80000, 0x00000000d5580000)
  object space 161280K, 29% used [0x0000000080000000,0x0000000082dfff80,0x0000000089d80000)
 Metaspace       used 92730K, capacity 97328K, committed 97456K, reserved 1138688K
  class space    used 12181K, capacity 13106K, committed 13232K, reserved 1048576K
Event: 671.235 GC heap after
Heap after GC invocations=19 (full 3):
 PSYoungGen      total 210432K, used 32593K [0x00000000d5580000, 0x00000000e5680000, 0x0000000100000000)
  eden space 177152K, 0% used [0x00000000d5580000,0x00000000d5580000,0x00000000e0280000)
  from space 33280K, 97% used [0x00000000e3600000,0x00000000e55d4780,0x00000000e5680000)
  to   space 32768K, 0% used [0x00000000e1600000,0x00000000e1600000,0x00000000e3600000)
 ParOldGen       total 161280K, used 47111K [0x0000000080000000, 0x0000000089d80000, 0x00000000d5580000)
  object space 161280K, 29% used [0x0000000080000000,0x0000000082e01f80,0x0000000089d80000)
 Metaspace       used 92730K, capacity 97328K, committed 97456K, reserved 1138688K
  class space    used 12181K, capacity 13106K, committed 13232K, reserved 1048576K
}
Event: 671.235 GC heap before
{Heap before GC invocations=20 (full 4):
 PSYoungGen      total 210432K, used 32593K [0x00000000d5580000, 0x00000000e5680000, 0x0000000100000000)
  eden space 177152K, 0% used [0x00000000d5580000,0x00000000d5580000,0x00000000e0280000)
  from space 33280K, 97% used [0x00000000e3600000,0x00000000e55d4780,0x00000000e5680000)
  to   space 32768K, 0% used [0x00000000e1600000,0x00000000e1600000,0x00000000e3600000)
 ParOldGen       total 161280K, used 47111K [0x0000000080000000, 0x0000000089d80000, 0x00000000d5580000)
  object space 161280K, 29% used [0x0000000080000000,0x0000000082e01f80,0x0000000089d80000)
 Metaspace       used 92730K, capacity 97328K, committed 97456K, reserved 1138688K
  class space    used 12181K, capacity 13106K, committed 13232K, reserved 1048576K
Event: 671.510 GC heap after
Heap after GC invocations=20 (full 4):
 PSYoungGen      total 210432K, used 0K [0x00000000d5580000, 0x00000000e5680000, 0x0000000100000000)
  eden space 177152K, 0% used [0x00000000d5580000,0x00000000d5580000,0x00000000e0280000)
  from space 33280K, 0% used [0x00000000e3600000,0x00000000e3600000,0x00000000e5680000)
  to   space 32768K, 0% used [0x00000000e1600000,0x00000000e1600000,0x00000000e3600000)
 ParOldGen       total 161280K, used 53982K [0x0000000080000000, 0x0000000089d80000, 0x00000000d5580000)
  object space 161280K, 33% used [0x0000000080000000,0x00000000834b7b30,0x0000000089d80000)
 Metaspace       used 92413K, capacity 96388K, committed 97456K, reserved 1136640K
  class space    used 12079K, capacity 12924K, committed 13232K, reserved 1048576K
}

Deoptimization events (10 events):
Event: 673.862 Thread 0x0000000019606800 Uncommon trap: reason=predicate action=maybe_recompile pc=0x00000000049d4df4 method=org.objectweb.asm.ClassReader.readCode(Lorg/objectweb/asm/MethodVisitor;Lorg/objectweb/asm/Context;I)V @ 1420
Event: 673.862 Thread 0x0000000019606800 Uncommon trap: reason=bimorphic action=maybe_recompile pc=0x00000000049a773c method=org.objectweb.asm.Label.accept(Lorg/objectweb/asm/MethodVisitor;Z)V @ 2
Event: 673.862 Thread 0x0000000019606800 Uncommon trap: reason=bimorphic action=maybe_recompile pc=0x00000000049a773c method=org.objectweb.asm.Label.accept(Lorg/objectweb/asm/MethodVisitor;Z)V @ 2
Event: 673.862 Thread 0x0000000019606800 Uncommon trap: reason=bimorphic action=maybe_recompile pc=0x00000000049a773c method=org.objectweb.asm.Label.accept(Lorg/objectweb/asm/MethodVisitor;Z)V @ 2
Event: 673.862 Thread 0x0000000019606800 Uncommon trap: reason=bimorphic action=maybe_recompile pc=0x00000000049a773c method=org.objectweb.asm.Label.accept(Lorg/objectweb/asm/MethodVisitor;Z)V @ 2
Event: 673.867 Thread 0x000000001e7c7800 Uncommon trap: reason=class_check action=maybe_recompile pc=0x0000000004a660b8 method=org.objectweb.asm.ClassReader.accept(Lorg/objectweb/asm/ClassVisitor;[Lorg/objectweb/asm/Attribute;I)V @ 605
Event: 673.904 Thread 0x000000001b3fc800 Uncommon trap: reason=bimorphic action=maybe_recompile pc=0x0000000004a10dd0 method=org.objectweb.asm.ClassReader.readElementValues(Lorg/objectweb/asm/AnnotationVisitor;IZ[C)I @ 82
Event: 673.904 Thread 0x000000001b3fc800 Uncommon trap: reason=bimorphic action=maybe_recompile pc=0x0000000004a10dd0 method=org.objectweb.asm.ClassReader.readElementValues(Lorg/objectweb/asm/AnnotationVisitor;IZ[C)I @ 82
Event: 673.930 Thread 0x000000001e7c7800 Uncommon trap: reason=unstable_if action=reinterpret pc=0x00000000040b5a78 method=com.google.common.collect.Interners$InternerImpl.intern(Ljava/lang/Object;)Ljava/lang/Object; @ 42
Event: 673.982 Thread 0x000000001b3fc800 Uncommon trap: reason=unstable_if action=reinterpret pc=0x00000000040e0a6c method=java.util.concurrent.ConcurrentLinkedQueue.updateHead(Ljava/util/concurrent/ConcurrentLinkedQueue$Node;Ljava/util/concurrent/ConcurrentLinkedQueue$Node;)V @ 11

Classes redefined (0 events):
No events

Internal exceptions (10 events):
Event: 669.183 Thread 0x000000001e7c7800 Exception <a 'sun/nio/fs/WindowsException'> (0x00000000d7073c08) thrown at [C:\src\AOSP-openjdk-git\hotspot\src\share\vm\prims\jni.cpp, line 710]
Event: 669.183 Thread 0x000000001e7c7800 Exception <a 'sun/nio/fs/WindowsException'> (0x00000000d70748a0) thrown at [C:\src\AOSP-openjdk-git\hotspot\src\share\vm\prims\jni.cpp, line 710]
Event: 669.223 Thread 0x000000001e7c7800 Exception <a 'sun/nio/fs/WindowsException'> (0x00000000d7075910) thrown at [C:\src\AOSP-openjdk-git\hotspot\src\share\vm\prims\jni.cpp, line 710]
Event: 669.225 Thread 0x000000001e7c7800 Exception <a 'sun/nio/fs/WindowsException'> (0x00000000d707dc98) thrown at [C:\src\AOSP-openjdk-git\hotspot\src\share\vm\prims\jni.cpp, line 710]
Event: 669.225 Thread 0x000000001e7c7800 Exception <a 'sun/nio/fs/WindowsException'> (0x00000000d707e978) thrown at [C:\src\AOSP-openjdk-git\hotspot\src\share\vm\prims\jni.cpp, line 710]
Event: 669.225 Thread 0x000000001e7c7800 Exception <a 'sun/nio/fs/WindowsException'> (0x00000000d707f6c8) thrown at [C:\src\AOSP-openjdk-git\hotspot\src\share\vm\prims\jni.cpp, line 710]
Event: 669.226 Thread 0x000000001e7c7800 Exception <a 'sun/nio/fs/WindowsException'> (0x00000000d7081758) thrown at [C:\src\AOSP-openjdk-git\hotspot\src\share\vm\prims\jni.cpp, line 710]
Event: 669.226 Thread 0x000000001e7c7800 Exception <a 'sun/nio/fs/WindowsException'> (0x00000000d7082448) thrown at [C:\src\AOSP-openjdk-git\hotspot\src\share\vm\prims\jni.cpp, line 710]
Event: 669.226 Thread 0x000000001e7c7800 Exception <a 'sun/nio/fs/WindowsException'> (0x00000000d70831a8) thrown at [C:\src\AOSP-openjdk-git\hotspot\src\share\vm\prims\jni.cpp, line 710]
Event: 674.010 Thread 0x000000001b402800 Exception <a 'java/lang/OutOfMemoryError'> (0x00000000d7c0d128) thrown at [C:\src\AOSP-openjdk-git\hotspot\src\share\vm\prims\jni.cpp, line 737]

Events (10 events):
Event: 673.904 Thread 0x000000001b3fc800 DEOPT PACKING pc=0x0000000004a10dd0 sp=0x00000000252edef0
Event: 673.904 Thread 0x000000001b3fc800 DEOPT UNPACKING pc=0x00000000025b557b sp=0x00000000252edec0 mode 2
Event: 673.930 Thread 0x000000001e7c7800 Uncommon trap: trap_request=0xffffff65 fr.pc=0x00000000040b5a78
Event: 673.930 Thread 0x000000001e7c7800 DEOPT PACKING pc=0x00000000040b5a78 sp=0x000000002835a400
Event: 673.930 Thread 0x000000001e7c7800 DEOPT UNPACKING pc=0x00000000025b557b sp=0x000000002835a408 mode 2
Event: 673.950 Executing VM operation: RevokeBias
Event: 673.951 Executing VM operation: RevokeBias done
Event: 673.982 Thread 0x000000001b3fc800 Uncommon trap: trap_request=0xffffff65 fr.pc=0x00000000040e0a6c
Event: 673.982 Thread 0x000000001b3fc800 DEOPT PACKING pc=0x00000000040e0a6c sp=0x00000000252ee060
Event: 673.982 Thread 0x000000001b3fc800 DEOPT UNPACKING pc=0x00000000025b557b sp=0x00000000252edf20 mode 2


Dynamic libraries:
0x00007ff611560000 - 0x00007ff611591000 	C:\Program Files\Android\Android Studio\jre\bin\java.exe
0x00007ffe09b30000 - 0x00007ffe09d26000 	C:\WINDOWS\SYSTEM32\ntdll.dll
0x00007ffe09910000 - 0x00007ffe099cd000 	C:\WINDOWS\System32\KERNEL32.DLL
0x00007ffe078d0000 - 0x00007ffe07b98000 	C:\WINDOWS\System32\KERNELBASE.dll
0x00007ffe088b0000 - 0x00007ffe0895a000 	C:\WINDOWS\System32\ADVAPI32.dll
0x00007ffe08c90000 - 0x00007ffe08d2e000 	C:\WINDOWS\System32\msvcrt.dll
0x00007ffe09a50000 - 0x00007ffe09aeb000 	C:\WINDOWS\System32\sechost.dll
0x00007ffe08b60000 - 0x00007ffe08c84000 	C:\WINDOWS\System32\RPCRT4.dll
0x00007ffe09650000 - 0x00007ffe097f0000 	C:\WINDOWS\System32\USER32.dll
0x00007ffe07820000 - 0x00007ffe07842000 	C:\WINDOWS\System32\win32u.dll
0x00007ffe089f0000 - 0x00007ffe08a1a000 	C:\WINDOWS\System32\GDI32.dll
0x00007ffe07280000 - 0x00007ffe07389000 	C:\WINDOWS\System32\gdi32full.dll
0x00007ffe07390000 - 0x00007ffe0742d000 	C:\WINDOWS\System32\msvcp_win.dll
0x00007ffe07510000 - 0x00007ffe07610000 	C:\WINDOWS\System32\ucrtbase.dll
0x00007ffde6930000 - 0x00007ffde6bcb000 	C:\WINDOWS\WinSxS\amd64_microsoft.windows.common-controls_6595b64144ccf1df_6.0.19041.488_none_ca04af081b815d21\COMCTL32.dll
0x00007ffe07ba0000 - 0x00007ffe07bd0000 	C:\WINDOWS\System32\IMM32.DLL
0x0000000059ea0000 - 0x0000000059f72000 	C:\Program Files\Android\Android Studio\jre\jre\bin\msvcr100.dll
0x000000005a060000 - 0x000000005a8ab000 	C:\Program Files\Android\Android Studio\jre\jre\bin\server\jvm.dll
0x00007ffe091c0000 - 0x00007ffe091c8000 	C:\WINDOWS\System32\PSAPI.DLL
0x00007ffdfb420000 - 0x00007ffdfb42a000 	C:\WINDOWS\SYSTEM32\VERSION.dll
0x00007ffdd8cb0000 - 0x00007ffdd8cd7000 	C:\WINDOWS\SYSTEM32\WINMM.dll
0x00007ffdfa610000 - 0x00007ffdfa619000 	C:\WINDOWS\SYSTEM32\WSOCK32.dll
0x00007ffe08af0000 - 0x00007ffe08b5b000 	C:\WINDOWS\System32\WS2_32.dll
0x00007ffdf8770000 - 0x00007ffdf877f000 	C:\Program Files\Android\Android Studio\jre\jre\bin\verify.dll
0x00007ffdf17e0000 - 0x00007ffdf1809000 	C:\Program Files\Android\Android Studio\jre\jre\bin\java.dll
0x00007ffdf17b0000 - 0x00007ffdf17c6000 	C:\Program Files\Android\Android Studio\jre\jre\bin\zip.dll
0x00007ffe08170000 - 0x00007ffe088b0000 	C:\WINDOWS\System32\SHELL32.dll
0x00007ffe052d0000 - 0x00007ffe05a64000 	C:\WINDOWS\SYSTEM32\windows.storage.dll
0x00007ffe08e60000 - 0x00007ffe091b5000 	C:\WINDOWS\System32\combase.dll
0x00007ffe06c40000 - 0x00007ffe06c6c000 	C:\WINDOWS\SYSTEM32\Wldp.dll
0x00007ffe095a0000 - 0x00007ffe0964e000 	C:\WINDOWS\System32\SHCORE.dll
0x00007ffe097f0000 - 0x00007ffe09845000 	C:\WINDOWS\System32\shlwapi.dll
0x00007ffe071b0000 - 0x00007ffe071d6000 	C:\WINDOWS\SYSTEM32\profapi.dll
0x00007ffdf14b0000 - 0x00007ffdf14ca000 	C:\Program Files\Android\Android Studio\jre\jre\bin\net.dll
0x00007ffe069a0000 - 0x00007ffe06a0a000 	C:\WINDOWS\system32\mswsock.dll
0x00007ffdf13d0000 - 0x00007ffdf13e3000 	C:\Program Files\Android\Android Studio\jre\jre\bin\nio.dll
0x00007ffde44c0000 - 0x00007ffde44e6000 	C:\Users\jessi\.gradle\native\31\windows-amd64\native-platform.dll
0x00007ffdf7a80000 - 0x00007ffdf7a8d000 	C:\Program Files\Android\Android Studio\jre\jre\bin\management.dll
0x00007ffe06b70000 - 0x00007ffe06b88000 	C:\WINDOWS\SYSTEM32\CRYPTSP.dll
0x00007ffe06330000 - 0x00007ffe06364000 	C:\WINDOWS\system32\rsaenh.dll
0x00007ffe078a0000 - 0x00007ffe078c7000 	C:\WINDOWS\System32\bcrypt.dll
0x00007ffe07130000 - 0x00007ffe0715e000 	C:\WINDOWS\SYSTEM32\USERENV.dll
0x00007ffe07490000 - 0x00007ffe0750f000 	C:\WINDOWS\System32\bcryptprimitives.dll
0x00007ffe06b90000 - 0x00007ffe06b9c000 	C:\WINDOWS\SYSTEM32\CRYPTBASE.dll
0x00007ffe06690000 - 0x00007ffe066cb000 	C:\WINDOWS\SYSTEM32\IPHLPAPI.DLL
0x00007ffe08160000 - 0x00007ffe08169000 	C:\WINDOWS\System32\NSI.dll
0x00007ffdfbe90000 - 0x00007ffdfbea7000 	C:\WINDOWS\SYSTEM32\dhcpcsvc6.DLL
0x00007ffdfc7c0000 - 0x00007ffdfc7dd000 	C:\WINDOWS\SYSTEM32\dhcpcsvc.DLL
0x00007ffe06720000 - 0x00007ffe067eb000 	C:\WINDOWS\SYSTEM32\DNSAPI.dll
0x00007ffdbd1d0000 - 0x00007ffdbd36c000 	C:\Program Files\Android\Android Studio\jre\jre\bin\awt.dll
0x00007ffe08a20000 - 0x00007ffe08aed000 	C:\WINDOWS\System32\OLEAUT32.dll
0x00007ffe04fe0000 - 0x00007ffe0500f000 	C:\WINDOWS\SYSTEM32\dwmapi.dll
0x00007ffe03a60000 - 0x00007ffe04020000 	C:\WINDOWS\SYSTEM32\d2d1.dll
0x00007ffe04b80000 - 0x00007ffe04c10000 	C:\WINDOWS\SYSTEM32\apphelp.dll
0x00007ffe04c50000 - 0x00007ffe04cef000 	C:\WINDOWS\system32\uxtheme.dll

VM Arguments:
jvm_args: -Xmx2048m -Dfile.encoding=windows-1252 -Duser.country=BR -Duser.language=pt -Duser.variant 
java_command: org.gradle.launcher.daemon.bootstrap.GradleDaemon 6.1.1
java_class_path (initial): C:\Users\jessi\.gradle\wrapper\dists\gradle-6.1.1-all\cfmwm155h49vnt3hynmlrsdst\gradle-6.1.1\lib\gradle-launcher-6.1.1.jar
Launcher Type: SUN_STANDARD

Environment Variables:
PATH=C:\WINDOWS\system32;C:\WINDOWS;C:\WINDOWS\System32\Wbem;C:\WINDOWS\System32\WindowsPowerShell\v1.0\;C:\WINDOWS\System32\OpenSSH\;C:\Program Files\Git\cmd;C:\Program Files (x86)\Intel\Intel(R) Management Engine Components\DAL;C:\Program Files\Intel\Intel(R) Management Engine Components\DAL;C:\Users\jessi\AppData\Local\Microsoft\WindowsApps
USERNAME=jessi
OS=Windows_NT
PROCESSOR_IDENTIFIER=Intel64 Family 6 Model 142 Stepping 12, GenuineIntel



---------------  S Y S T E M  ---------------

OS: Windows 10.0 , 64 bit Build 19041 (10.0.19041.546)

CPU:total 8 (initial active 8) (4 cores per cpu, 2 threads per core) family 6 model 142 stepping 12, cmov, cx8, fxsr, mmx, sse, sse2, sse3, ssse3, sse4.1, sse4.2, popcnt, avx, avx2, aes, clmul, erms, 3dnowpref, lzcnt, ht, tsc, tscinvbit, bmi1, bmi2, adx

Memory: 4k page, physical 8262116k(1173264k free), swap 8262116k(4140k free)

vm_info: OpenJDK 64-Bit Server VM (25.242-b01) for windows-amd64 JRE (1.8.0_242-release-1644-b01), built by "builder" with MS VC++ 10.0 (VS2010)

time: Mon Nov 02 14:37:07 2020
timezone: Hora oficial do Brasil
elapsed time: 674 seconds (0d 0h 11m 14s)

